<?xml version="1.0" encoding="UTF-8"?>
<testsuite xmlns:xsi="http://www.w3.org/2001/XMLSchema-instance" xsi:noNamespaceSchemaLocation="https://maven.apache.org/surefire/maven-surefire-plugin/xsd/surefire-test-report-3.0.xsd" version="3.0" name="com.novaleap.api.module.email.SendEmailTest" time="0.079" tests="1" errors="0" skipped="0" failures="0">
  <properties>
[...]
</properties>
  <testcase name="sendEmailTest" classname="com.novaleap.api.module.email.SendEmailTest" time="0.046">
    <system-out><![CDATA[未配置 NOVA_RESEND_API_KEY，跳过发送测试
]]></system-out>
  </testcase>
</testsuite>